{ Using PSTWRITER 16.6.0 d001Jul-10-2019 at 09:12:50 }

#1 WARNING(ORCAP-36006): Part Name "BAT54S/SOT_0_SOT23DA_01_BAT54S/SOT" is renamed to "BAT54S/SOT_0_SOT23DA_01_BAT54S/".
#2 WARNING(ORCAP-36006): Part Name "ALECAP_0_XELC3R5X8R0_0R5_00_47UF/50V" is renamed to "ALECAP_0_XELC3R5X8R0_0R5_00_47U".
#3 WARNING(ORCAP-36006): Part Name "ALECAP_0_XELC3R5X8R0_0R5_00_47UF/100V" is renamed to "ALECAP_0_XELC3R5X8R0_0R5_00_4_1".
#4 WARNING(ORCAP-36006): Part Name "ALECAP_0_XELC5R0X13R0_0R6_00_220UF/100V" is renamed to "ALECAP_0_XELC5R0X13R0_0R6_00_22".
#5 WARNING(ORCAP-36006): Part Name "CONN PCB 3-R_0_HE_HEADER_SIP_F_2D54_03_01-1X3_CONN PCB 3-R" is renamed to "CONN PCB 3-R_0_HE_HEADER_SIP_F_".
#6 WARNING(ORCAP-36006): Part Name "CON_10A/F_0_DIR2_54_2X5_CON_10A/F_0" is renamed to "CON_10A/F_0_DIR2_54_2X5_CON_10A".
#7 WARNING(ORCAP-36006): Part Name "STP75NF75_1_CSD19536KCS_CSD19536KCS" is renamed to "STP75NF75_1_CSD19536KCS_CSD1953".
#8 WARNING(ORCAP-36006): Part Name "PIDUCIAL_POINT_2_REFPOINT_REFPOINT" is renamed to "PIDUCIAL_POINT_2_REFPOINT_REFPO".
#9 WARNING(ORCAP-36006): Part Name "INDUCTOR_0_HE_PLT10H_PLT10HH1026R0PN" is renamed to "INDUCTOR_0_HE_PLT10H_PLT10HH102".
#10 WARNING(ORCAP-36006): Part Name "74LVC4245A_SOP65P790X140-24N_74LVC4245ADB_SSOP" is renamed to "74LVC4245A_SOP65P790X140-24N_74".
#11 WARNING(ORCAP-36006): Part Name "LDO_SOT23_5_0_SOT23_5_11_CE6200B12M" is renamed to "LDO_SOT23_5_0_SOT23_5_11_CE6200".
#12 WARNING(ORCAP-36006): Part Name "ADM3054_HE_SOIC127P1032X265-16_ADM3054BRWZ_SOIC" is renamed to "ADM3054_HE_SOIC127P1032X265-16_".
#13 WARNING(ORCAP-36006): Part Name "TQG144_LX9_TQG144_LX9_TQG144_LX9" is renamed to "TQG144_LX9_TQG144_LX9_TQG144_LX".
#14 WARNING(ORCAP-36006): Part Name "URB24_0_HE_URB_YMD_URA2415YMD-10WR3" is renamed to "URB24_0_HE_URB_YMD_URA2415YMD-1".
#15 WARNING(ORCAP-36006): Part Name "URB24_0_HE_URB_YMD_URB2415YMD-10WR3" is renamed to "URB24_0_HE_URB_YMD_URB2415YMD-1".
#16 WARNING(ORCAP-36006): Part Name "UCC53X0_UCC5320SCDWVR_UCC5320SCDWVR" is renamed to "UCC53X0_UCC5320SCDWVR_UCC5320SC".
#17 WARNING(ORCAP-36006): Part Name "IMP809_0_SOT23_3_01_TCM809JVNB713" is renamed to "IMP809_0_SOT23_3_01_TCM809JVNB7".
#18 WARNING(ORCAP-36006): Part Name "TLV431_0_SOT23D_01_TLV431BSN1T1G" is renamed to "TLV431_0_SOT23D_01_TLV431BSN1T1".
#19 WARNING(ORCAP-36006): Part Name "ACS758LCB-050B_ACS770LCB-050B-PFF-T_ACS770LCB-050B-PFF-T" is renamed to "ACS758LCB-050B_ACS770LCB-050B-P".
#20 WARNING(ORCAP-36006): Part Name "OPA2340/SO_SO8_150_0_OPA2340UAG4" is renamed to "OPA2340/SO_SO8_150_0_OPA2340UAG".
#21 WARNING(ORCAP-36006): Part Name "URB24_0_HE_URB_YMD_URB2405YMD-10WR3" is renamed to "URB24_0_HE_URB_YMD_URB2405YMD-1".
#22 WARNING(ORCAP-36006): Part Name "CRYSTAL_1_XTAL4_SMD5032_4PIN_01_8.192MHZ" is renamed to "CRYSTAL_1_XTAL4_SMD5032_4PIN_01".
INFO(ORCAP-36080): Scanning netlist files ...

Loading... C:\USERS\CNK\DESKTOP\TC275PROGRAM\TC275\DATASHEET_LOWVOL11\SCH\allegro/pstchip.dat

Loading... C:\USERS\CNK\DESKTOP\TC275PROGRAM\TC275\DATASHEET_LOWVOL11\SCH\allegro/pstchip.dat

Loading... C:\USERS\CNK\DESKTOP\TC275PROGRAM\TC275\DATASHEET_LOWVOL11\SCH\allegro/pstxprt.dat

Loading... C:\USERS\CNK\DESKTOP\TC275PROGRAM\TC275\DATASHEET_LOWVOL11\SCH\allegro/pstxnet.dat
packaging the design view...